changed: false
records:
  - parent: ''
    made_sla: 'true'
    caused_by: ''
    watch_list: ''
    upon_reject: cancel
    sys_updated_on: '2024-03-21 19:20:45'
    child_incidents: '0'
    origin_table: ''
    task_effective_number: INC0013735
    approval_history: ''
    skills: ''
    number: INC0013735
    resolved_by: ''
    sys_updated_by: admin
    opened_by: 6816f79cc0a8016401c5a33be04be441
    user_input: ''
    sys_created_on: '2024-03-21 19:20:45'
    sys_domain: global
    state: '1'
    route_reason: ''
    sys_created_by: admin
    knowledge: 'false'
    order: ''
    calendar_stc: ''
    closed_at: ''
    cmdb_ci: ''
    contract: ''
    impact: '3'
    active: 'true'
    work_notes_list: ''
    business_service: ''
    business_impact: ''
    priority: '5'
    sys_domain_path: /
    rfc: ''
    time_worked: ''
    expected_start: ''
    opened_at: '2024-03-21 19:20:45'
    business_duration: ''
    group_list: ''
    work_end: ''
    caller_id: 6816f79cc0a8016401c5a33be04be441
    reopened_time: ''
    resolved_at: ''
    approval_set: ''
    subcategory: ''
    work_notes: ''
    universal_request: ''
    short_description: Test incident
    close_code: ''
    correlation_display: ''
    work_start: ''
    assignment_group: ''
    additional_assignee_list: ''
    business_stc: ''
    cause: ''
    description: ''
    origin_id: ''
    calendar_duration: ''
    close_notes: ''
    notify: '1'
    service_offering: ''
    sys_class_name: incident
    closed_by: ''
    follow_up: ''
    parent_incident: ''
    sys_id: 8875278687410e105d60da083cbb35fe
    contact_type: email
    reopened_by: ''
    incident_state: '1'
    urgency: '3'
    problem_id: a765eb4687410e105d60da083cbb3598
    company: ''
    reassignment_count: '0'
    activity_due: ''
    assigned_to: ''
    severity: '3'
    comments: ''
    approval: not requested
    sla_due: ''
    comments_and_work_notes: ''
    due_date: ''
    sys_mod_count: '0'
    reopen_count: '0'
    sys_tags: ''
    escalation: ''
    upon_approval: proceed
    correlation_id: ''
    location: ''
    category: inquiry
    attachments: []
  - parent: ''
    made_sla: 'true'
    caused_by: ''
    watch_list: ''
    upon_reject: cancel
    sys_updated_on: '2024-03-21 20:14:22'
    child_incidents: '0'
    origin_table: ''
    task_effective_number: INC0013736
    approval_history: ''
    skills: ''
    number: INC0013736
    resolved_by: ''
    sys_updated_by: admin
    opened_by: 6816f79cc0a8016401c5a33be04be441
    user_input: ''
    sys_created_on: '2024-03-21 20:14:22'
    sys_domain: global
    state: '1'
    route_reason: ''
    sys_created_by: admin
    knowledge: 'false'
    order: ''
    calendar_stc: ''
    closed_at: ''
    cmdb_ci: ''
    contract: ''
    impact: '3'
    active: 'true'
    work_notes_list: ''
    business_service: ''
    business_impact: ''
    priority: '5'
    sys_domain_path: /
    rfc: ''
    time_worked: ''
    expected_start: ''
    opened_at: '2024-03-21 20:14:22'
    business_duration: ''
    group_list: ''
    work_end: ''
    caller_id: 6816f79cc0a8016401c5a33be04be441
    reopened_time: ''
    resolved_at: ''
    approval_set: ''
    subcategory: ''
    work_notes: ''
    universal_request: ''
    short_description: Test incident
    close_code: ''
    correlation_display: ''
    work_start: ''
    assignment_group: ''
    additional_assignee_list: ''
    business_stc: ''
    cause: ''
    description: ''
    origin_id: ''
    calendar_duration: ''
    close_notes: ''
    notify: '1'
    service_offering: ''
    sys_class_name: incident
    closed_by: ''
    follow_up: ''
    parent_incident: ''
    sys_id: 61b17bce87410e105d60da083cbb3507
    contact_type: email
    reopened_by: ''
    incident_state: '1'
    urgency: '3'
    problem_id: 81b1b7ce87410e105d60da083cbb3512
    company: ''
    reassignment_count: '0'
    activity_due: ''
    assigned_to: ''
    severity: '3'
    comments: ''
    approval: not requested
    sla_due: ''
    comments_and_work_notes: ''
    due_date: ''
    sys_mod_count: '0'
    reopen_count: '0'
    sys_tags: ''
    escalation: ''
    upon_approval: proceed
    correlation_id: ''
    location: ''
    category: inquiry
    attachments: []
  - parent: ''
    made_sla: 'true'
    caused_by: ''
    watch_list: ''
    upon_reject: cancel
    sys_updated_on: '2024-03-26 17:25:43'
    child_incidents: '0'
    origin_table: ''
    task_effective_number: INC0013751
    approval_history: ''
    skills: ''
    number: INC0013751
    resolved_by: ''
    sys_updated_by: kc6kztewd50z
    opened_by: fe69ce1f1bc57510b76a0d0fdc4bcb40
    user_input: ''
    sys_created_on: '2024-03-26 17:25:43'
    sys_domain: global
    state: '1'
    route_reason: ''
    sys_created_by: kc6kztewd50z
    knowledge: 'false'
    order: ''
    calendar_stc: ''
    closed_at: ''
    cmdb_ci: ''
    contract: ''
    impact: '3'
    active: 'true'
    work_notes_list: ''
    business_service: ''
    business_impact: ''
    priority: '5'
    sys_domain_path: /
    rfc: ''
    time_worked: ''
    expected_start: ''
    opened_at: '2024-03-26 17:25:43'
    business_duration: ''
    group_list: ''
    work_end: ''
    caller_id: ''
    reopened_time: ''
    resolved_at: ''
    approval_set: ''
    subcategory: ''
    work_notes: ''
    universal_request: ''
    short_description: User Account Management
    close_code: ''
    correlation_display: ''
    work_start: ''
    assignment_group: ''
    additional_assignee_list: ''
    business_stc: ''
    cause: ''
    description: "Details: A user account was enabled.\n\nSubject:\n\tSecurity ID:\t\tS-1-5-21-2168731111-2048812982-204329096-500\n\tAccount Name:\t\tAdministrator\n\tAccount Domain:\t\tEC2AMAZ-HL6C3MR\n\tLogon ID:\t\t0x2D4275\n\nTarget Account:\n\tSecurity ID:\t\tS-1-5-21-2168731111-2048812982-204329096-1054\n\tAccount Name:\t\tdsfasdfds\n\tAccount Domain:\t\tEC2AMAZ-HL6C3MR\nEvent-ID: 4722\nEvent-Outcome: success"
    origin_id: ''
    calendar_duration: ''
    close_notes: ''
    notify: '1'
    service_offering: ''
    sys_class_name: incident
    closed_by: ''
    follow_up: ''
    parent_incident: ''
    sys_id: 770bb037878d02505d60da083cbb356c
    contact_type: email
    reopened_by: ''
    incident_state: '1'
    urgency: '3'
    problem_id: ''
    company: ''
    reassignment_count: '0'
    activity_due: ''
    assigned_to: ''
    severity: '3'
    comments: ''
    approval: not requested
    sla_due: ''
    comments_and_work_notes: ''
    due_date: ''
    sys_mod_count: '0'
    reopen_count: '0'
    sys_tags: ''
    escalation: ''
    upon_approval: proceed
    correlation_id: ''
    location: ''
    category: inquiry
    attachments: []
  - parent: ''
    made_sla: 'true'
    caused_by: ''
    watch_list: ''
    upon_reject: cancel
    sys_updated_on: '2024-03-26 17:35:28'
    child_incidents: '0'
    origin_table: ''
    task_effective_number: INC0013753
    approval_history: ''
    skills: ''
    number: INC0013753
    resolved_by: ''
    sys_updated_by: kc6kztewd50z
    opened_by: fe69ce1f1bc57510b76a0d0fdc4bcb40
    user_input: ''
    sys_created_on: '2024-03-26 17:35:28'
    sys_domain: global
    state: '1'
    route_reason: ''
    sys_created_by: kc6kztewd50z
    knowledge: 'false'
    order: ''
    calendar_stc: ''
    closed_at: ''
    cmdb_ci: ''
    contract: ''
    impact: '3'
    active: 'true'
    work_notes_list: ''
    business_service: ''
    business_impact: ''
    priority: '5'
    sys_domain_path: /
    rfc: ''
    time_worked: ''
    expected_start: ''
    opened_at: '2024-03-26 17:35:28'
    business_duration: ''
    group_list: ''
    work_end: ''
    caller_id: ''
    reopened_time: ''
    resolved_at: ''
    approval_set: ''
    subcategory: ''
    work_notes: ''
    universal_request: ''
    short_description: User Account Management
    close_code: ''
    correlation_display: ''
    work_start: ''
    assignment_group: ''
    additional_assignee_list: ''
    business_stc: ''
    cause: ''
    description: "Details: A user account was enabled.\n\nSubject:\n\tSecurity ID:\t\tS-1-5-21-2168731111-2048812982-204329096-500\n\tAccount Name:\t\tAdministrator\n\tAccount Domain:\t\tEC2AMAZ-HL6C3MR\n\tLogon ID:\t\t0x2D4275\n\nTarget Account:\n\tSecurity ID:\t\tS-1-5-21-2168731111-2048812982-204329096-1055\n\tAccount Name:\t\tMichaelL2\n\tAccount Domain:\t\tEC2AMAZ-HL6C3MR\nEvent-ID: 4722\nEvent-Outcome: success"
    origin_id: ''
    calendar_duration: ''
    close_notes: ''
    notify: '1'
    service_offering: ''
    sys_class_name: incident
    closed_by: ''
    follow_up: ''
    parent_incident: ''
    sys_id: 224d78b31bc54250b76a0d0fdc4bcbc4
    contact_type: email
    reopened_by: ''
    incident_state: '1'
    urgency: '3'
    problem_id: ''
    company: ''
    reassignment_count: '0'
    activity_due: ''
    assigned_to: ''
    severity: '3'
    comments: ''
    approval: not requested
    sla_due: ''
    comments_and_work_notes: ''
    due_date: ''
    sys_mod_count: '0'
    reopen_count: '0'
    sys_tags: ''
    escalation: ''
    upon_approval: proceed
    correlation_id: ''
    location: ''
    category: inquiry
    attachments: []
  - parent: ''
    made_sla: 'true'
    caused_by: ''
    watch_list: ''
    upon_reject: cancel
    sys_updated_on: '2024-03-26 17:41:01'
    child_incidents: '0'
    origin_table: ''
    task_effective_number: INC0013754
    approval_history: ''
    skills: ''
    number: INC0013754
    resolved_by: ''
    sys_updated_by: kc6kztewd50z
    opened_by: fe69ce1f1bc57510b76a0d0fdc4bcb40
    user_input: ''
    sys_created_on: '2024-03-26 17:41:01'
    sys_domain: global
    state: '1'
    route_reason: ''
    sys_created_by: kc6kztewd50z
    knowledge: 'false'
    order: ''
    calendar_stc: ''
    closed_at: ''
    cmdb_ci: ''
    contract: ''
    impact: '3'
    active: 'true'
    work_notes_list: ''
    business_service: ''
    business_impact: ''
    priority: '5'
    sys_domain_path: /
    rfc: ''
    time_worked: ''
    expected_start: ''
    opened_at: '2024-03-26 17:41:01'
    business_duration: ''
    group_list: ''
    work_end: ''
    caller_id: ''
    reopened_time: ''
    resolved_at: ''
    approval_set: ''
    subcategory: ''
    work_notes: ''
    universal_request: ''
    short_description: None
    close_code: ''
    correlation_display: ''
    work_start: ''
    assignment_group: ''
    additional_assignee_list: ''
    business_stc: ''
    cause: ''
    description: "Details: A Windows Defender Firewall setting in the Private profile has changed.\nNew Setting:\n\tType:\tEnable Windows Defender Firewall\n\tValue:\tYes\n\tModifying User:\tS-1-5-21-2168731111-2048812982-204329096-500\n\tModifying Application:\tC:\\Windows\\explorer.exe\nAI Enhanced Details: \n\nEvent ID 2003 is a record in the Microsoft Windows Event Log that indicates an action or event related to the Windows Firewall. The Windows Firewall is a built-in security feature in Windows operating systems that helps protect the device against unauthorized access and malicious software.\n\nEvent ID 2003 is specifically related to changes made to the settings of the Windows Firewall. These changes can include enabling or disabling the firewall, defining rules for specific types of network traffic, and modifying security settings.\n\nWhen this event is logged"
    origin_id: ''
    calendar_duration: ''
    close_notes: ''
    notify: '1'
    service_offering: ''
    sys_class_name: incident
    closed_by: ''
    follow_up: ''
    parent_incident: ''
    sys_id: fb8e3cf31bc54250b76a0d0fdc4bcb74
    contact_type: email
    reopened_by: ''
    incident_state: '1'
    urgency: '3'
    problem_id: ''
    company: ''
    reassignment_count: '0'
    activity_due: ''
    assigned_to: ''
    severity: '3'
    comments: ''
    approval: not requested
    sla_due: ''
    comments_and_work_notes: ''
    due_date: ''
    sys_mod_count: '0'
    reopen_count: '0'
    sys_tags: ''
    escalation: ''
    upon_approval: proceed
    correlation_id: ''
    location: ''
    category: inquiry
    attachments: []
  - parent: ''
    made_sla: 'true'
    caused_by: ''
    watch_list: ''
    upon_reject: cancel
    sys_updated_on: '2024-03-26 17:41:18'
    child_incidents: '0'
    origin_table: ''
    task_effective_number: INC0013755
    approval_history: ''
    skills: ''
    number: INC0013755
    resolved_by: ''
    sys_updated_by: kc6kztewd50z
    opened_by: fe69ce1f1bc57510b76a0d0fdc4bcb40
    user_input: ''
    sys_created_on: '2024-03-26 17:41:18'
    sys_domain: global
    state: '1'
    route_reason: ''
    sys_created_by: kc6kztewd50z
    knowledge: 'false'
    order: ''
    calendar_stc: ''
    closed_at: ''
    cmdb_ci: ''
    contract: ''
    impact: '3'
    active: 'true'
    work_notes_list: ''
    business_service: ''
    business_impact: ''
    priority: '5'
    sys_domain_path: /
    rfc: ''
    time_worked: ''
    expected_start: ''
    opened_at: '2024-03-26 17:41:18'
    business_duration: ''
    group_list: ''
    work_end: ''
    caller_id: ''
    reopened_time: ''
    resolved_at: ''
    approval_set: ''
    subcategory: ''
    work_notes: ''
    universal_request: ''
    short_description: None
    close_code: ''
    correlation_display: ''
    work_start: ''
    assignment_group: ''
    additional_assignee_list: ''
    business_stc: ''
    cause: ''
    description: "Details: A Windows Defender Firewall setting in the Private profile has changed.\nNew Setting:\n\tType:\tEnable Windows Defender Firewall\n\tValue:\tNo\n\tModifying User:\tS-1-5-21-2168731111-2048812982-204329096-500\n\tModifying Application:\tC:\\Windows\\explorer.exe\nAI Enhanced Details:  \n\nEvent ID 2003 is related to the firewall settings in Microsoft Windows. This event is triggered when the Windows Firewall is enabled or disabled, or when the settings for the firewall are changed.\n\nThe Windows Firewall is a built-in security feature in Windows operating systems that helps prevent unauthorized access to a computer or network. It acts as a barrier between the internal network and the outside network, and monitors and controls the incoming and outgoing network traffic based on rules and settings.\n\nThe Event ID 2003 is"
    origin_id: ''
    calendar_duration: ''
    close_notes: ''
    notify: '1'
    service_offering: ''
    sys_class_name: incident
    closed_by: ''
    follow_up: ''
    parent_incident: ''
    sys_id: 44ae3cf31bc54250b76a0d0fdc4bcbbf
    contact_type: email
    reopened_by: ''
    incident_state: '1'
    urgency: '3'
    problem_id: ''
    company: ''
    reassignment_count: '0'
    activity_due: ''
    assigned_to: ''
    severity: '3'
    comments: ''
    approval: not requested
    sla_due: ''
    comments_and_work_notes: ''
    due_date: ''
    sys_mod_count: '0'
    reopen_count: '0'
    sys_tags: ''
    escalation: ''
    upon_approval: proceed
    correlation_id: ''
    location: ''
    category: inquiry
    attachments: []
  - parent: ''
    made_sla: 'true'
    caused_by: ''
    watch_list: ''
    upon_reject: cancel
    sys_updated_on: '2024-04-04 15:09:40'
    child_incidents: '0'
    origin_table: ''
    task_effective_number: INC0013772
    approval_history: ''
    skills: ''
    number: INC0013772
    resolved_by: ''
    sys_updated_by: kc6kztewd50z
    opened_by: fe69ce1f1bc57510b76a0d0fdc4bcb40
    user_input: ''
    sys_created_on: '2024-04-04 15:09:40'
    sys_domain: global
    state: '1'
    route_reason: ''
    sys_created_by: kc6kztewd50z
    knowledge: 'false'
    order: ''
    calendar_stc: ''
    closed_at: ''
    cmdb_ci: ''
    contract: ''
    impact: '3'
    active: 'true'
    work_notes_list: ''
    business_service: ''
    business_impact: ''
    priority: '5'
    sys_domain_path: /
    rfc: ''
    time_worked: ''
    expected_start: ''
    opened_at: '2024-04-04 15:09:40'
    business_duration: ''
    group_list: ''
    work_end: ''
    caller_id: ''
    reopened_time: ''
    resolved_at: ''
    approval_set: ''
    subcategory: ''
    work_notes: ''
    universal_request: ''
    short_description: User Account Management
    close_code: ''
    correlation_display: ''
    work_start: ''
    assignment_group: ''
    additional_assignee_list: ''
    business_stc: ''
    cause: ''
    description: "Details: A user account was enabled.\n\nSubject:\n\tSecurity ID:\t\tS-1-5-21-2168731111-2048812982-204329096-500\n\tAccount Name:\t\tAdministrator\n\tAccount Domain:\t\tEC2AMAZ-HL6C3MR\n\tLogon ID:\t\t0x164585\n\nTarget Account:\n\tSecurity ID:\t\tS-1-5-21-2168731111-2048812982-204329096-1057\n\tAccount Name:\t\tasdfasfasfasd\n\tAccount Domain:\t\tEC2AMAZ-HL6C3MR\nEvent-ID: 4722\nEvent-Outcome: success"
    origin_id: ''
    calendar_duration: ''
    close_notes: ''
    notify: '1'
    service_offering: ''
    sys_class_name: incident
    closed_by: ''
    follow_up: ''
    parent_incident: ''
    sys_id: 6a323ee61bd18a50b76a0d0fdc4bcbe0
    contact_type: email
    reopened_by: ''
    incident_state: '1'
    urgency: '3'
    problem_id: ''
    company: ''
    reassignment_count: '0'
    activity_due: ''
    assigned_to: ''
    severity: '3'
    comments: ''
    approval: not requested
    sla_due: ''
    comments_and_work_notes: ''
    due_date: ''
    sys_mod_count: '0'
    reopen_count: '0'
    sys_tags: ''
    escalation: ''
    upon_approval: proceed
    correlation_id: ''
    location: ''
    category: inquiry
    attachments: []
  - parent: ''
    made_sla: 'true'
    caused_by: ''
    watch_list: ''
    upon_reject: cancel
    sys_updated_on: '2024-04-04 15:11:02'
    child_incidents: '0'
    origin_table: ''
    task_effective_number: INC0013773
    approval_history: ''
    skills: ''
    number: INC0013773
    resolved_by: ''
    sys_updated_by: kc6kztewd50z
    opened_by: fe69ce1f1bc57510b76a0d0fdc4bcb40
    user_input: ''
    sys_created_on: '2024-04-04 15:11:02'
    sys_domain: global
    state: '1'
    route_reason: ''
    sys_created_by: kc6kztewd50z
    knowledge: 'false'
    order: ''
    calendar_stc: ''
    closed_at: ''
    cmdb_ci: ''
    contract: ''
    impact: '3'
    active: 'true'
    work_notes_list: ''
    business_service: ''
    business_impact: ''
    priority: '5'
    sys_domain_path: /
    rfc: ''
    time_worked: ''
    expected_start: ''
    opened_at: '2024-04-04 15:11:02'
    business_duration: ''
    group_list: ''
    work_end: ''
    caller_id: ''
    reopened_time: ''
    resolved_at: ''
    approval_set: ''
    subcategory: ''
    work_notes: ''
    universal_request: ''
    short_description: None
    close_code: ''
    correlation_display: ''
    work_start: ''
    assignment_group: ''
    additional_assignee_list: ''
    business_stc: ''
    cause: ''
    description: "Details: A rule has been modified in the Windows Defender Firewall exception list.\n\nModified Rule:\n\tRule ID:\t{F12A8368-F286-4D87-8752-E71D1D53A426}\n\tRule Name:\ta99e853a-b9f6-4879-9a3d-9b2817596bed\n\tOrigin:\tLocal\n\tActive:\tYes\n\tDirection:\tInbound\n\tProfiles:\tPrivate,Domain, Public\n\tAction:\tAllow\n\tApplication Path:\tC:\\Program Files (x86)\\Microsoft\\Edge\\Application\\msedge.exe\n\tService Name:\t\n\tProtocol:\tUDP\n\tSecurity Options:\tNone\n\tEdge Traversal:\tNone\n\tModifying User:\tS-1-5-18\n\tModifying Application:\tC:\\Program Files (x86)\\Microsoft\\EdgeUpdate\\Install\\{6FA3AC2F-BAD4-40C6-981F-8385D9FCEF43}\\EDGEMITMP_29195.tmp\\setup.exe\n\tPolicyAppId:\t\nAI Enhanced Details: \n\nEvent ID 2099 is a Microsoft Windows security event that is generated when a firewall is activated on a computer. Firewalls are designed to monitor and control incoming and outgoing network traffic, and they help to protect against unauthorized access and malicious attacks.\n\nWhen a firewall is activated, it will typically block certain types of network traffic by default, and this can cause issues with network connectivity or communication with other devices. The purpose of this event is to notify the user or administrator that the firewall has been activated"
    origin_id: ''
    calendar_duration: ''
    close_notes: ''
    notify: '1'
    service_offering: ''
    sys_class_name: incident
    closed_by: ''
    follow_up: ''
    parent_incident: ''
    sys_id: ea823ee61bd18a50b76a0d0fdc4bcbeb
    contact_type: email
    reopened_by: ''
    incident_state: '1'
    urgency: '3'
    problem_id: ''
    company: ''
    reassignment_count: '0'
    activity_due: ''
    assigned_to: ''
    severity: '3'
    comments: ''
    approval: not requested
    sla_due: ''
    comments_and_work_notes: ''
    due_date: ''
    sys_mod_count: '0'
    reopen_count: '0'
    sys_tags: ''
    escalation: ''
    upon_approval: proceed
    correlation_id: ''
    location: ''
    category: inquiry
    attachments: []
  - parent: ''
    made_sla: 'true'
    caused_by: ''
    watch_list: ''
    upon_reject: cancel
    sys_updated_on: '2024-04-05 14:48:36'
    child_incidents: '0'
    origin_table: ''
    task_effective_number: INC0013804
    approval_history: ''
    skills: ''
    number: INC0013804
    resolved_by: ''
    sys_updated_by: kc6kztewd50z
    opened_by: fe69ce1f1bc57510b76a0d0fdc4bcb40
    user_input: ''
    sys_created_on: '2024-04-05 14:48:36'
    sys_domain: global
    state: '1'
    route_reason: ''
    sys_created_by: kc6kztewd50z
    knowledge: 'false'
    order: ''
    calendar_stc: ''
    closed_at: ''
    cmdb_ci: ''
    contract: ''
    impact: '3'
    active: 'true'
    work_notes_list: ''
    business_service: ''
    business_impact: ''
    priority: '5'
    sys_domain_path: /
    rfc: ''
    time_worked: ''
    expected_start: ''
    opened_at: '2024-04-05 14:48:36'
    business_duration: ''
    group_list: ''
    work_end: ''
    caller_id: ''
    reopened_time: ''
    resolved_at: ''
    approval_set: ''
    subcategory: ''
    work_notes: ''
    universal_request: ''
    short_description: User Account Management
    close_code: ''
    correlation_display: ''
    work_start: ''
    assignment_group: ''
    additional_assignee_list: ''
    business_stc: ''
    cause: ''
    description: "Details: A user account was enabled.\n\nSubject:\n\tSecurity ID:\t\tS-1-5-21-2168731111-2048812982-204329096-500\n\tAccount Name:\t\tAdministrator\n\tAccount Domain:\t\tEC2AMAZ-HL6C3MR\n\tLogon ID:\t\t0x1612B5\n\nTarget Account:\n\tSecurity ID:\t\tS-1-5-21-2168731111-2048812982-204329096-1062\n\tAccount Name:\t\tRobert\n\tAccount Domain:\t\tEC2AMAZ-HL6C3MR\nEvent-ID: 4722\nEvent-Outcome: success"
    origin_id: ''
    calendar_duration: ''
    close_notes: ''
    notify: '1'
    service_offering: ''
    sys_class_name: incident
    closed_by: ''
    follow_up: ''
    parent_incident: ''
    sys_id: fbf6b7be87198a505d60da083cbb35f9
    contact_type: email
    reopened_by: ''
    incident_state: '1'
    urgency: '3'
    problem_id: ''
    company: ''
    reassignment_count: '0'
    activity_due: ''
    assigned_to: ''
    severity: '3'
    comments: ''
    approval: not requested
    sla_due: ''
    comments_and_work_notes: ''
    due_date: ''
    sys_mod_count: '0'
    reopen_count: '0'
    sys_tags: ''
    escalation: ''
    upon_approval: proceed
    correlation_id: ''
    location: ''
    category: inquiry
    attachments: []
  - parent: ''
    made_sla: 'true'
    caused_by: ''
    watch_list: ''
    upon_reject: cancel
    sys_updated_on: '2024-04-05 15:54:09'
    child_incidents: '0'
    origin_table: ''
    task_effective_number: INC0013805
    approval_history: ''
    skills: ''
    number: INC0013805
    resolved_by: ''
    sys_updated_by: kc6kztewd50z
    opened_by: fe69ce1f1bc57510b76a0d0fdc4bcb40
    user_input: ''
    sys_created_on: '2024-04-05 15:54:09'
    sys_domain: global
    state: '1'
    route_reason: ''
    sys_created_by: kc6kztewd50z
    knowledge: 'false'
    order: ''
    calendar_stc: ''
    closed_at: ''
    cmdb_ci: ''
    contract: ''
    impact: '3'
    active: 'true'
    work_notes_list: ''
    business_service: ''
    business_impact: ''
    priority: '5'
    sys_domain_path: /
    rfc: ''
    time_worked: ''
    expected_start: ''
    opened_at: '2024-04-05 15:54:09'
    business_duration: ''
    group_list: ''
    work_end: ''
    caller_id: ''
    reopened_time: ''
    resolved_at: ''
    approval_set: ''
    subcategory: ''
    work_notes: ''
    universal_request: ''
    short_description: User Account Management
    close_code: ''
    correlation_display: ''
    work_start: ''
    assignment_group: ''
    additional_assignee_list: ''
    business_stc: ''
    cause: ''
    description: "Details: A user account was enabled.\n\nSubject:\n\tSecurity ID:\t\tS-1-5-21-2168731111-2048812982-204329096-500\n\tAccount Name:\t\tAdministrator\n\tAccount Domain:\t\tEC2AMAZ-HL6C3MR\n\tLogon ID:\t\t0x1612B5\n\nTarget Account:\n\tSecurity ID:\t\tS-1-5-21-2168731111-2048812982-204329096-1063\n\tAccount Name:\t\tMartinOuimet\n\tAccount Domain:\t\tEC2AMAZ-HL6C3MR\nEvent-ID: 4722\nEvent-Outcome: success"
    origin_id: ''
    calendar_duration: ''
    close_notes: ''
    notify: '1'
    service_offering: ''
    sys_class_name: incident
    closed_by: ''
    follow_up: ''
    parent_incident: ''
    sys_id: 4406884b87598a505d60da083cbb358d
    contact_type: email
    reopened_by: ''
    incident_state: '1'
    urgency: '3'
    problem_id: ''
    company: ''
    reassignment_count: '0'
    activity_due: ''
    assigned_to: ''
    severity: '3'
    comments: ''
    approval: not requested
    sla_due: ''
    comments_and_work_notes: ''
    due_date: ''
    sys_mod_count: '0'
    reopen_count: '0'
    sys_tags: ''
    escalation: ''
    upon_approval: proceed
    correlation_id: ''
    location: ''
    category: inquiry
    attachments: []
  - parent: ''
    made_sla: 'true'
    caused_by: ''
    watch_list: ''
    upon_reject: cancel
    sys_updated_on: '2024-04-05 15:58:54'
    child_incidents: '0'
    origin_table: ''
    task_effective_number: INC0013806
    approval_history: ''
    skills: ''
    number: INC0013806
    resolved_by: ''
    sys_updated_by: kc6kztewd50z
    opened_by: fe69ce1f1bc57510b76a0d0fdc4bcb40
    user_input: ''
    sys_created_on: '2024-04-05 15:58:54'
    sys_domain: global
    state: '1'
    route_reason: ''
    sys_created_by: kc6kztewd50z
    knowledge: 'false'
    order: ''
    calendar_stc: ''
    closed_at: ''
    cmdb_ci: ''
    contract: ''
    impact: '3'
    active: 'true'
    work_notes_list: ''
    business_service: ''
    business_impact: ''
    priority: '5'
    sys_domain_path: /
    rfc: ''
    time_worked: ''
    expected_start: ''
    opened_at: '2024-04-05 15:58:54'
    business_duration: ''
    group_list: ''
    work_end: ''
    caller_id: ''
    reopened_time: ''
    resolved_at: ''
    approval_set: ''
    subcategory: ''
    work_notes: ''
    universal_request: ''
    short_description: None
    close_code: ''
    correlation_display: ''
    work_start: ''
    assignment_group: ''
    additional_assignee_list: ''
    business_stc: ''
    cause: ''
    description: "Details: A Windows Defender Firewall setting in the Private profile has changed.\nNew Setting:\n\tType:\tEnable Windows Defender Firewall\n\tValue:\tNo\n\tModifying User:\tS-1-5-21-2168731111-2048812982-204329096-500\n\tModifying Application:\tC:\\Windows\\explorer.exe\nAI Enhanced Details: \n\nMicrosoft Windows ID Event 2003 refers to a specific event registered by the Windows operating system's Event Viewer tool. The event is labeled as \"firewall\" and has an ID number of 2003, which helps to identify and classify the type of event.\n\nIn this particular case, event 2003 relates to the Windows Firewall service. This service is responsible for monitoring and controlling incoming and outgoing network traffic on a Windows computer. \n\nThe event 2003 is typically logged when there is"
    origin_id: ''
    calendar_duration: ''
    close_notes: ''
    notify: '1'
    service_offering: ''
    sys_class_name: incident
    closed_by: ''
    follow_up: ''
    parent_incident: ''
    sys_id: 2d170c8b1bd1ca50b76a0d0fdc4bcb8c
    contact_type: email
    reopened_by: ''
    incident_state: '1'
    urgency: '3'
    problem_id: ''
    company: ''
    reassignment_count: '0'
    activity_due: ''
    assigned_to: ''
    severity: '3'
    comments: ''
    approval: not requested
    sla_due: ''
    comments_and_work_notes: ''
    due_date: ''
    sys_mod_count: '0'
    reopen_count: '0'
    sys_tags: ''
    escalation: ''
    upon_approval: proceed
    correlation_id: ''
    location: ''
    category: inquiry
    attachments: []
  - parent: ''
    made_sla: 'true'
    caused_by: ''
    watch_list: ''
    upon_reject: cancel
    sys_updated_on: '2024-04-09 12:47:44'
    child_incidents: '0'
    origin_table: ''
    task_effective_number: INC0013810
    approval_history: ''
    skills: ''
    number: INC0013810
    resolved_by: ''
    sys_updated_by: kc6kztewd50z
    opened_by: fe69ce1f1bc57510b76a0d0fdc4bcb40
    user_input: ''
    sys_created_on: '2024-04-09 12:47:44'
    sys_domain: global
    state: '1'
    route_reason: ''
    sys_created_by: kc6kztewd50z
    knowledge: 'false'
    order: ''
    calendar_stc: ''
    closed_at: ''
    cmdb_ci: ''
    contract: ''
    impact: '3'
    active: 'true'
    work_notes_list: ''
    business_service: ''
    business_impact: ''
    priority: '5'
    sys_domain_path: /
    rfc: ''
    time_worked: ''
    expected_start: ''
    opened_at: '2024-04-09 12:47:44'
    business_duration: ''
    group_list: ''
    work_end: ''
    caller_id: ''
    reopened_time: ''
    resolved_at: ''
    approval_set: ''
    subcategory: ''
    work_notes: ''
    universal_request: ''
    short_description: User Account Management
    close_code: ''
    correlation_display: ''
    work_start: ''
    assignment_group: ''
    additional_assignee_list: ''
    business_stc: ''
    cause: ''
    description: "Details: A user account was enabled.\n\nSubject:\n\tSecurity ID:\t\tS-1-5-21-2168731111-2048812982-204329096-500\n\tAccount Name:\t\tAdministrator\n\tAccount Domain:\t\tEC2AMAZ-HL6C3MR\n\tLogon ID:\t\t0x17EEEC\n\nTarget Account:\n\tSecurity ID:\t\tS-1-5-21-2168731111-2048812982-204329096-1064\n\tAccount Name:\t\tadsfsadsads\n\tAccount Domain:\t\tEC2AMAZ-HL6C3MR\nEvent-ID: 4722\nEvent-Outcome: success"
    origin_id: ''
    calendar_duration: ''
    close_notes: ''
    notify: '1'
    service_offering: ''
    sys_class_name: incident
    closed_by: ''
    follow_up: ''
    parent_incident: ''
    sys_id: 98b10cdc87658e505d60da083cbb3563
    contact_type: email
    reopened_by: ''
    incident_state: '1'
    urgency: '3'
    problem_id: ''
    company: ''
    reassignment_count: '0'
    activity_due: ''
    assigned_to: ''
    severity: '3'
    comments: ''
    approval: not requested
    sla_due: ''
    comments_and_work_notes: ''
    due_date: ''
    sys_mod_count: '0'
    reopen_count: '0'
    sys_tags: ''
    escalation: ''
    upon_approval: proceed
    correlation_id: ''
    location: ''
    category: inquiry
    attachments: []
  - parent: ''
    made_sla: 'true'
    caused_by: ''
    watch_list: ''
    upon_reject: cancel
    sys_updated_on: '2024-04-09 16:27:21'
    child_incidents: '0'
    origin_table: ''
    task_effective_number: INC0013814
    approval_history: ''
    skills: ''
    number: INC0013814
    resolved_by: ''
    sys_updated_by: kc6kztewd50z
    opened_by: fe69ce1f1bc57510b76a0d0fdc4bcb40
    user_input: ''
    sys_created_on: '2024-04-09 16:27:21'
    sys_domain: global
    state: '1'
    route_reason: ''
    sys_created_by: kc6kztewd50z
    knowledge: 'false'
    order: ''
    calendar_stc: ''
    closed_at: ''
    cmdb_ci: ''
    contract: ''
    impact: '3'
    active: 'true'
    work_notes_list: ''
    business_service: ''
    business_impact: ''
    priority: '5'
    sys_domain_path: /
    rfc: ''
    time_worked: ''
    expected_start: ''
    opened_at: '2024-04-09 16:27:21'
    business_duration: ''
    group_list: ''
    work_end: ''
    caller_id: ''
    reopened_time: ''
    resolved_at: ''
    approval_set: ''
    subcategory: ''
    work_notes: ''
    universal_request: ''
    short_description: User Account Management
    close_code: ''
    correlation_display: ''
    work_start: ''
    assignment_group: ''
    additional_assignee_list: ''
    business_stc: ''
    cause: ''
